<?xml version="1.0" encoding="utf-8"?><testsuites><testsuite name="pytest" errors="0" failures="0" skipped="0" tests="5" time="15.021" timestamp="2021-01-26T16:49:57.843949" hostname="89-108-71-149.cloudvps.regruhosting.ru"><testcase classname="tests.test_accounts.TestAccount" name="test_create_account" time="2.698" /><testcase classname="tests.test_applications.TestApplications" name="test_applications" time="1.358" /><testcase classname="tests.test_drivers.TestDriver" name="test_driver_account" time="0.992" /><testcase classname="tests.test_drivers.TestDriver" name="test_transport" time="1.687" /><testcase classname="tests.test_notifications.TestNotification" name="test_notification" time="4.365" /></testsuite></testsuites>