<?xml version="1.0" encoding="utf-8"?><testsuites><testsuite name="pytest" errors="0" failures="0" skipped="0" tests="5" time="12.981" timestamp="2021-01-24T17:22:02.022956" hostname="89-108-71-149.cloudvps.regruhosting.ru"><testcase classname="tests.test_accounts.TestAccount" name="test_create_account" time="1.088" /><testcase classname="tests.test_applications.TestApplications" name="test_applications" time="1.126" /><testcase classname="tests.test_drivers.TestDriver" name="test_driver_account" time="1.000" /><testcase classname="tests.test_drivers.TestDriver" name="test_transport" time="1.731" /><testcase classname="tests.test_notifications.TestNotification" name="test_notification" time="4.345" /></testsuite></testsuites>